<?xml version="1.0" encoding="UTF-8"?>
<!-- Generated by org.testng.reporters.JUnitReportReporter -->
<testsuite skipped="0" hostname="123-PC" name="testcases.TC001_Login" tests="2" failures="0" timestamp="03 May 2020 09:17:38 GMT" time="54.142" errors="0">
  <testcase name="loginLogOut" time="22.306" classname="testcases.TC001_Login"/>
  <testcase name="loginLogOut" time="31.836" classname="testcases.TC001_Login"/>
</testsuite> <!-- testcases.TC001_Login -->
