<?xml version="1.0" encoding="UTF-8"?>
<!-- Generated by org.testng.reporters.JUnitReportReporter -->
<testsuite skipped="0" hostname="123-PC" name="testcases.TC002_LoginNegative" tests="4" failures="0" timestamp="03 May 2020 08:23:00 GMT" time="58.725" errors="0">
  <testcase name="loginLogOut" time="13.011" classname="testcases.TC002_LoginNegative"/>
  <testcase name="loginLogOut" time="21.574" classname="testcases.TC002_LoginNegative"/>
  <testcase name="loginLogOut" time="15.803" classname="testcases.TC002_LoginNegative"/>
  <testcase name="loginLogOut" time="8.337" classname="testcases.TC002_LoginNegative"/>
</testsuite> <!-- testcases.TC002_LoginNegative -->
